<?xml version="1.0" encoding="UTF-8"?>
<testsuite xmlns:xsi="http://www.w3.org/2001/XMLSchema-instance" xsi:noNamespaceSchemaLocation="https://maven.apache.org/surefire/maven-surefire-plugin/xsd/surefire-test-report.xsd" name="org.datahem.processor.measurementprotocol.MeasurementProtocolPipelineTest" time="10.307" tests="16" errors="0" skipped="0" failures="0">
  <properties>
[...]
</properties>
  <testcase name="userPromotionTest" classname="org.datahem.processor.measurementprotocol.MeasurementProtocolPipelineTest" time="6.848"/>
  <testcase name="userTransactionTest" classname="org.datahem.processor.measurementprotocol.MeasurementProtocolPipelineTest" time="6.873"/>
  <testcase name="userPageviewTest" classname="org.datahem.processor.measurementprotocol.MeasurementProtocolPipelineTest" time="6.866"/>
  <testcase name="userSiteSearchTest" classname="org.datahem.processor.measurementprotocol.MeasurementProtocolPipelineTest" time="0.966"/>
  <testcase name="userSocialTest" classname="org.datahem.processor.measurementprotocol.MeasurementProtocolPipelineTest" time="0.869"/>
  <testcase name="userGoogleSearchAdsTest" classname="org.datahem.processor.measurementprotocol.MeasurementProtocolPipelineTest" time="1.031"/>
  <testcase name="userCampaignTest" classname="org.datahem.processor.measurementprotocol.MeasurementProtocolPipelineTest" time="0.99"/>
  <testcase name="userSocialTrafficPageviewTest" classname="org.datahem.processor.measurementprotocol.MeasurementProtocolPipelineTest" time="0.95"/>
  <testcase name="userProductTest" classname="org.datahem.processor.measurementprotocol.MeasurementProtocolPipelineTest" time="1.008"/>
  <testcase name="botPageviewTest" classname="org.datahem.processor.measurementprotocol.MeasurementProtocolPipelineTest" time="0.478"/>
  <testcase name="userExperimentTest" classname="org.datahem.processor.measurementprotocol.MeasurementProtocolPipelineTest" time="0.696"/>
  <testcase name="userTimingTest" classname="org.datahem.processor.measurementprotocol.MeasurementProtocolPipelineTest" time="0.595"/>
  <testcase name="userProductImpressionTest" classname="org.datahem.processor.measurementprotocol.MeasurementProtocolPipelineTest" time="0.648"/>
  <testcase name="userOrganicSearchPageviewTest" classname="org.datahem.processor.measurementprotocol.MeasurementProtocolPipelineTest" time="0.655"/>
  <testcase name="userEventTest" classname="org.datahem.processor.measurementprotocol.MeasurementProtocolPipelineTest" time="0.497"/>
  <testcase name="userExceptionTest" classname="org.datahem.processor.measurementprotocol.MeasurementProtocolPipelineTest" time="0.42"/>
</testsuite>